<?xml version="1.0" encoding="UTF-8"?>
<!-- Generated by org.testng.reporters.JUnitXMLReporter -->
<testsuite ignored="0" hostname="Pratap_Kulkarni" failures="0" tests="2" name="Default test" time="0.22" errors="0" timestamp="2024-10-10T14:46:52 IST">
  <testcase classname="testClass.SwagLab_testclass" name="@BeforeTest launchBrowser" time="-1.72855181205E9">
    <failure type="org.testng.TestNGException" message="
Parameter &amp;apos;browser&amp;apos; is required by BeforeTest on method launchBrowser but has not been marked @Optional or defined
in C:\Users\91992\AppData\Local\Temp\testng-eclipse--165836216\testng-customsuite.xml">
      <![CDATA[org.testng.TestNGException: 
Parameter 'browser' is required by BeforeTest on method launchBrowser but has not been marked @Optional or defined
in C:\Users\91992\AppData\Local\Temp\testng-eclipse--165836216\testng-customsuite.xml
at org.testng.internal.Parameters.createParams(Parameters.java:270)
at org.testng.internal.Parameters.createParametersForMethod(Parameters.java:358)
at org.testng.internal.Parameters.createParameters(Parameters.java:700)
at org.testng.internal.Parameters.createConfigurationParameters(Parameters.java:168)
at org.testng.internal.ConfigInvoker.invokeConfigurations(ConfigInvoker.java:302)
at org.testng.TestRunner.invokeTestConfigurations(TestRunner.java:637)
at org.testng.TestRunner.beforeRun(TestRunner.java:627)
at org.testng.TestRunner.run(TestRunner.java:589)
at org.testng.SuiteRunner.runTest(SuiteRunner.java:377)
at org.testng.SuiteRunner.runSequentially(SuiteRunner.java:371)
at org.testng.SuiteRunner.privateRun(SuiteRunner.java:332)
at org.testng.SuiteRunner.run(SuiteRunner.java:276)
at org.testng.SuiteRunnerWorker.runSuite(SuiteRunnerWorker.java:53)
at org.testng.SuiteRunnerWorker.run(SuiteRunnerWorker.java:96)
at org.testng.TestNG.runSuitesSequentially(TestNG.java:1212)
at org.testng.TestNG.runSuitesLocally(TestNG.java:1134)
at org.testng.TestNG.runSuites(TestNG.java:1063)
at org.testng.TestNG.run(TestNG.java:1031)
at org.testng.remote.AbstractRemoteTestNG.run(AbstractRemoteTestNG.java:115)
at org.testng.remote.RemoteTestNG.initAndRun(RemoteTestNG.java:293)
at org.testng.remote.RemoteTestNG.main(RemoteTestNG.java:91)
]]>
    </failure>
  </testcase> <!-- @BeforeTest launchBrowser -->
  <testcase classname="testClass.SwagLab_testclass" name="@BeforeClass initializePom" time="-1.728551812153E9">
    <skipped/>
  </testcase> <!-- @BeforeClass initializePom -->
  <testcase classname="testClass.SwagLab_testclass" name="@BeforeMethod loginToSwaglab" time="-1.728551812183E9">
    <skipped/>
  </testcase> <!-- @BeforeMethod loginToSwaglab -->
  <testcase classname="testClass.SwagLab_testclass" name="@AfterMethod logout" time="-1.728551812204E9">
    <skipped/>
  </testcase> <!-- @AfterMethod logout -->
  <testcase classname="testClass.SwagLab_testclass" name="@BeforeMethod loginToSwaglab" time="-1.728551812214E9">
    <skipped/>
  </testcase> <!-- @BeforeMethod loginToSwaglab -->
  <testcase classname="testClass.SwagLab_testclass" name="@AfterMethod logout" time="-1.728551812222E9">
    <skipped/>
  </testcase> <!-- @AfterMethod logout -->
  <testcase classname="testClass.SwagLab_testclass" name="@AfterTest closeBrowser" time="-1.728551812233E9">
    <skipped/>
  </testcase> <!-- @AfterTest closeBrowser -->
  <testcase classname="testClass.SwagLab_testclass" name="addToCart_TC_02" time="0.0">
    <skipped/>
  </testcase> <!-- addToCart_TC_02 -->
  <testcase classname="testClass.SwagLab_testclass" name="buyProductTC_01" time="0.0">
    <skipped/>
  </testcase> <!-- buyProductTC_01 -->
</testsuite> <!-- Default test -->
